[debug] [2020-01-27T04:41:15.249Z] ----------------------------------------------------------------------
[debug] [2020-01-27T04:41:15.251Z] Command:       C:\Program Files\nodejs\node.exe C:\Users\Andy\AppData\Roaming\npm\node_modules\firebase-tools\lib\bin\firebase.js deploy
[debug] [2020-01-27T04:41:15.251Z] CLI Version:   7.6.1
[debug] [2020-01-27T04:41:15.252Z] Platform:      win32
[debug] [2020-01-27T04:41:15.252Z] Node Version:  v12.13.0
[debug] [2020-01-27T04:41:15.253Z] Time:          Sun Jan 26 2020 22:41:15 GMT-0600 (Central Standard Time)
[debug] [2020-01-27T04:41:15.253Z] ----------------------------------------------------------------------
[debug] [2020-01-27T04:41:15.253Z] 
[debug] [2020-01-27T04:41:15.274Z] > command requires scopes: ["email","openid","https://www.googleapis.com/auth/cloudplatformprojects.readonly","https://www.googleapis.com/auth/firebase","https://www.googleapis.com/auth/cloud-platform"]
[debug] [2020-01-27T04:41:15.276Z] > authorizing via signed-in user
[debug] [2020-01-27T04:41:15.276Z] [iam] checking project socialapp-79173 for permissions ["firebase.projects.get","firebasehosting.sites.update"]
[debug] [2020-01-27T04:41:15.279Z] > refreshing access token with scopes: ["email","https://www.googleapis.com/auth/cloud-platform","https://www.googleapis.com/auth/cloudplatformprojects.readonly","https://www.googleapis.com/auth/firebase","openid"]
[debug] [2020-01-27T04:41:15.279Z] >>> HTTP REQUEST POST https://www.googleapis.com/oauth2/v3/token  
 <request body omitted>
[debug] [2020-01-27T04:41:15.461Z] <<< HTTP RESPONSE 200
[debug] [2020-01-27T04:41:15.467Z] >>> HTTP REQUEST POST https://cloudresourcemanager.googleapis.com/v1/projects/socialapp-79173:testIamPermissions  

[debug] [2020-01-27T04:41:26.614Z] Error: getaddrinfo ENOTFOUND cloudresourcemanager.googleapis.com
    at GetAddrInfoReqWrap.onlookup [as oncomplete] (dns.js:60:26)
[error] 
[error] Error: Server Error. getaddrinfo ENOTFOUND cloudresourcemanager.googleapis.com
